<?xml version="1.0" encoding="UTF-8" ?>
<testsuite tests="4" failures="0" name="br.com.soft.service.ProjetoServiceTest" time="0" errors="0" skipped="0">
  <properties>
[...]
</properties>
  <testcase classname="br.com.soft.service.ProjetoServiceTest" name="saveAndFlush" time="0"/>
  <testcase classname="br.com.soft.service.ProjetoServiceTest" name="findAll" time="0"/>
  <testcase classname="br.com.soft.service.ProjetoServiceTest" name="findById" time="0"/>
  <testcase classname="br.com.soft.service.ProjetoServiceTest" name="deletebyId" time="0"/>
</testsuite>